0 info it worked if it ends with ok
1 verbose cli [ '/Users/joe.chadwick/.nvm/versions/node/v6.14.4/bin/node',
1 verbose cli   '/Users/joe.chadwick/.nvm/versions/node/v6.14.4/bin/npm',
1 verbose cli   'run',
1 verbose cli   'test' ]
2 info using npm@3.10.10
3 info using node@v6.14.4
4 verbose run-script [ 'pretest', 'test', 'posttest' ]
5 info lifecycle authentication-template@1.0.0~pretest: authentication-template@1.0.0
6 silly lifecycle authentication-template@1.0.0~pretest: no script for pretest, continuing
7 info lifecycle authentication-template@1.0.0~test: authentication-template@1.0.0
8 verbose lifecycle authentication-template@1.0.0~test: unsafe-perm in lifecycle true
9 verbose lifecycle authentication-template@1.0.0~test: PATH: /Users/joe.chadwick/.nvm/versions/node/v6.14.4/lib/node_modules/npm/bin/node-gyp-bin:/Users/joe.chadwick/dev/personal-projects/authentication-template/node_modules/.bin:/Users/joe.chadwick/.nvm/versions/node/v6.14.4/bin:/usr/local/bin:/usr/bin:/bin:/usr/sbin:/sbin:/Users/joe.chadwick/dev/apache-maven-3.5.2/bin
10 verbose lifecycle authentication-template@1.0.0~test: CWD: /Users/joe.chadwick/dev/personal-projects/authentication-template
11 silly lifecycle authentication-template@1.0.0~test: Args: [ '-c', 'mocha --exit tests/**/*.spec.js' ]
12 silly lifecycle authentication-template@1.0.0~test: Returned: code: 3  signal: null
13 info lifecycle authentication-template@1.0.0~test: Failed to exec test script
14 verbose stack Error: authentication-template@1.0.0 test: `mocha --exit tests/**/*.spec.js`
14 verbose stack Exit status 3
14 verbose stack     at EventEmitter.<anonymous> (/Users/joe.chadwick/.nvm/versions/node/v6.14.4/lib/node_modules/npm/lib/utils/lifecycle.js:255:16)
14 verbose stack     at emitTwo (events.js:106:13)
14 verbose stack     at EventEmitter.emit (events.js:191:7)
14 verbose stack     at ChildProcess.<anonymous> (/Users/joe.chadwick/.nvm/versions/node/v6.14.4/lib/node_modules/npm/lib/utils/spawn.js:40:14)
14 verbose stack     at emitTwo (events.js:106:13)
14 verbose stack     at ChildProcess.emit (events.js:191:7)
14 verbose stack     at maybeClose (internal/child_process.js:920:16)
14 verbose stack     at Process.ChildProcess._handle.onexit (internal/child_process.js:230:5)
15 verbose pkgid authentication-template@1.0.0
16 verbose cwd /Users/joe.chadwick/dev/personal-projects/authentication-template
17 error Darwin 17.7.0
18 error argv "/Users/joe.chadwick/.nvm/versions/node/v6.14.4/bin/node" "/Users/joe.chadwick/.nvm/versions/node/v6.14.4/bin/npm" "run" "test"
19 error node v6.14.4
20 error npm  v3.10.10
21 error code ELIFECYCLE
22 error authentication-template@1.0.0 test: `mocha --exit tests/**/*.spec.js`
22 error Exit status 3
23 error Failed at the authentication-template@1.0.0 test script 'mocha --exit tests/**/*.spec.js'.
23 error Make sure you have the latest version of node.js and npm installed.
23 error If you do, this is most likely a problem with the authentication-template package,
23 error not with npm itself.
23 error Tell the author that this fails on your system:
23 error     mocha --exit tests/**/*.spec.js
23 error You can get information on how to open an issue for this project with:
23 error     npm bugs authentication-template
23 error Or if that isn't available, you can get their info via:
23 error     npm owner ls authentication-template
23 error There is likely additional logging output above.
24 verbose exit [ 1, true ]
